0 info it worked if it ends with ok
1 verbose cli [ '/usr/local/bin/node', '/usr/local/bin/npm', 'rest' ]
2 info using npm@3.10.8
3 info using node@v6.9.1
4 verbose run-script [ 'prerestart',
4 verbose run-script   'prestop',
4 verbose run-script   'stop',
4 verbose run-script   'poststop',
4 verbose run-script   'restart',
4 verbose run-script   'prestart',
4 verbose run-script   'start',
4 verbose run-script   'poststart',
4 verbose run-script   'postrestart' ]
5 info lifecycle ng-cast@1.0.0~prerestart: ng-cast@1.0.0
6 silly lifecycle ng-cast@1.0.0~prerestart: no script for prerestart, continuing
7 info lifecycle ng-cast@1.0.0~prestop: ng-cast@1.0.0
8 silly lifecycle ng-cast@1.0.0~prestop: no script for prestop, continuing
9 info lifecycle ng-cast@1.0.0~stop: ng-cast@1.0.0
10 silly lifecycle ng-cast@1.0.0~stop: no script for stop, continuing
11 info lifecycle ng-cast@1.0.0~poststop: ng-cast@1.0.0
12 silly lifecycle ng-cast@1.0.0~poststop: no script for poststop, continuing
13 info lifecycle ng-cast@1.0.0~restart: ng-cast@1.0.0
14 silly lifecycle ng-cast@1.0.0~restart: no script for restart, continuing
15 info lifecycle ng-cast@1.0.0~prestart: ng-cast@1.0.0
16 silly lifecycle ng-cast@1.0.0~prestart: no script for prestart, continuing
17 info lifecycle ng-cast@1.0.0~start: ng-cast@1.0.0
18 verbose lifecycle ng-cast@1.0.0~start: unsafe-perm in lifecycle true
19 verbose lifecycle ng-cast@1.0.0~start: PATH: /usr/local/lib/node_modules/npm/bin/node-gyp-bin:/Users/stephenmakowski/Desktop/hrsf72-ng-cast/node_modules/.bin:/Library/Frameworks/Python.framework/Versions/3.5/bin:/usr/local/bin:/usr/bin:/bin:/usr/sbin:/sbin
20 verbose lifecycle ng-cast@1.0.0~start: CWD: /Users/stephenmakowski/Desktop/hrsf72-ng-cast
21 silly lifecycle ng-cast@1.0.0~start: Args: [ '-c',
21 silly lifecycle   'npm install && npm install -g live-server && live-server' ]
22 silly lifecycle ng-cast@1.0.0~start: Returned: code: 243  signal: null
23 info lifecycle ng-cast@1.0.0~start: Failed to exec start script
24 verbose stack Error: ng-cast@1.0.0 start: `npm install && npm install -g live-server && live-server`
24 verbose stack Exit status 243
24 verbose stack     at EventEmitter.<anonymous> (/usr/local/lib/node_modules/npm/lib/utils/lifecycle.js:255:16)
24 verbose stack     at emitTwo (events.js:106:13)
24 verbose stack     at EventEmitter.emit (events.js:191:7)
24 verbose stack     at ChildProcess.<anonymous> (/usr/local/lib/node_modules/npm/lib/utils/spawn.js:40:14)
24 verbose stack     at emitTwo (events.js:106:13)
24 verbose stack     at ChildProcess.emit (events.js:191:7)
24 verbose stack     at maybeClose (internal/child_process.js:877:16)
24 verbose stack     at Process.ChildProcess._handle.onexit (internal/child_process.js:226:5)
25 verbose pkgid ng-cast@1.0.0
26 verbose cwd /Users/stephenmakowski/Desktop/hrsf72-ng-cast
27 error Darwin 16.4.0
28 error argv "/usr/local/bin/node" "/usr/local/bin/npm" "rest"
29 error node v6.9.1
30 error npm  v3.10.8
31 error code ELIFECYCLE
32 error ng-cast@1.0.0 start: `npm install && npm install -g live-server && live-server`
32 error Exit status 243
33 error Failed at the ng-cast@1.0.0 start script 'npm install && npm install -g live-server && live-server'.
33 error Make sure you have the latest version of node.js and npm installed.
33 error If you do, this is most likely a problem with the ng-cast package,
33 error not with npm itself.
33 error Tell the author that this fails on your system:
33 error     npm install && npm install -g live-server && live-server
33 error You can get information on how to open an issue for this project with:
33 error     npm bugs ng-cast
33 error Or if that isn't available, you can get their info via:
33 error     npm owner ls ng-cast
33 error There is likely additional logging output above.
34 verbose exit [ 1, true ]
